rm -vf generator
removed 'generator'
g++ -g -Wall -fopenmp generator.cpp -o generator

-----------------------Starting Number Generation----------------------

Completed: Generated 65536 random numbers

------------------------------------------------------------------------

rm -vf bitonic bitonic_omp bitonic_mpi
removed 'bitonic'
removed 'bitonic_omp'
removed 'bitonic_mpi'
g++ -g -Wall -fopenmp bitonic.cpp -o bitonic
g++ -g -Wall -fopenmp bitonic_omp.cpp -o bitonic_omp
mpic++ -g -Wall -fopenmp bitonic_mpi.cpp -o bitonic_mpi

-----------------------------Running bitonic program----------------------

Time taken: 72.3149 ms
VALID BITONIC SEQUENCE

----------------------------Running bitonic_omp program-------------------

Time taken: 29.3607 ms
VALID BITONIC SEQUENCE

----------------------------Running bitonic_mpi program-------------------

Time taken: 1.936234 seconds
VALID BITONIC SEQUENCE

-------------------------------------Speedup-------------------------------

Description               Time (ms)                
-----------               ---------                
Serial Time:              72.3149 ms               
Parallel Time:            29.3607 ms               
MPI Time (np=16):         1.93623 ms               

Speed-up (Serial vs Parallel): 2.46                          
Speed-up (Serial vs MPI):      37.34                         

