rm -vf generator
removed 'generator'
g++ -g -Wall -fopenmp generator.cpp -o generator

-----------------------Starting Number Generation----------------------

Completed: Generated 65536 random numbers

------------------------------------------------------------------------

rm -vf bitonic bitonic_omp bitonic_mpi
removed 'bitonic'
removed 'bitonic_omp'
removed 'bitonic_mpi'
g++ -g -Wall -fopenmp bitonic.cpp -o bitonic
g++ -g -Wall -fopenmp bitonic_omp.cpp -o bitonic_omp
mpic++ -g -Wall -fopenmp bitonic_mpi.cpp -o bitonic_mpi

-----------------------------Running bitonic program----------------------

Time taken: 46.6241 ms
VALID BITONIC SEQUENCE

----------------------------Running bitonic_omp program-------------------

Time taken: 31.0632 ms
VALID BITONIC SEQUENCE

----------------------------Running bitonic_mpi program-------------------

Time taken: 19.375018 seconds
VALID BITONIC SEQUENCE

-------------------------------------Speedup-------------------------------

Description               Time (ms)                
-----------               ---------                
Serial Time:              46.6241 ms               
Parallel Time:            31.0632 ms               
MPI Time (np=4):          19.375 ms                

Speed-up (Serial vs Parallel): 1.50                          
Speed-up (Serial vs MPI):      2.40                          

