rm -vf generator
removed 'generator'
g++ -g -Wall -fopenmp generator.cpp -o generator

-----------------------Starting Number Generation----------------------

Completed: Generated 1048576 random numbers

------------------------------------------------------------------------

rm -vf bitonic bitonic_omp bitonic_mpi
removed 'bitonic'
removed 'bitonic_omp'
removed 'bitonic_mpi'
g++ -g -Wall -fopenmp bitonic.cpp -o bitonic
g++ -g -Wall -fopenmp bitonic_omp.cpp -o bitonic_omp
mpic++ -g -Wall -fopenmp bitonic_mpi.cpp -o bitonic_mpi

-----------------------------Running bitonic program----------------------

Time taken: 1020.11 ms
VALID BITONIC SEQUENCE

----------------------------Running bitonic_omp program-------------------

Time taken: 252.126 ms
VALID BITONIC SEQUENCE

----------------------------Running bitonic_mpi program-------------------

Time taken: 152.600471 seconds
VALID BITONIC SEQUENCE

-------------------------------------Speedup-------------------------------

Description               Time (ms)                
-----------               ---------                
Serial Time:              1020.11 ms               
Parallel Time:            252.126 ms               
MPI Time (np=4):          152.6 ms                 

Speed-up (Serial vs Parallel): 4.04                          
Speed-up (Serial vs MPI):      6.68                          

