rm -vf generator
removed 'generator'
g++ -g -Wall -fopenmp generator.cpp -o generator

-----------------------Starting Number Generation----------------------

Completed: Generated 262144 random numbers

------------------------------------------------------------------------

rm -vf bitonic bitonic_omp bitonic_mpi
removed 'bitonic'
removed 'bitonic_omp'
removed 'bitonic_mpi'
g++ -g -Wall -fopenmp bitonic.cpp -o bitonic
g++ -g -Wall -fopenmp bitonic_omp.cpp -o bitonic_omp
mpic++ -g -Wall -fopenmp bitonic_mpi.cpp -o bitonic_mpi

-----------------------------Running bitonic program----------------------

Time taken: 241.386 ms
VALID BITONIC SEQUENCE

----------------------------Running bitonic_omp program-------------------

Time taken: 72.5315 ms
VALID BITONIC SEQUENCE

----------------------------Running bitonic_mpi program-------------------

Time taken: 14.104723 seconds
VALID BITONIC SEQUENCE

-------------------------------------Speedup-------------------------------

Description               Time (ms)                
-----------               ---------                
Serial Time:              241.386 ms               
Parallel Time:            72.5315 ms               
MPI Time (np=8):          14.1047 ms               

Speed-up (Serial vs Parallel): 3.32                          
Speed-up (Serial vs MPI):      17.11                         

