rm -vf generator
removed 'generator'
g++ -g -Wall -fopenmp generator.cpp -o generator

-----------------------Starting Number Generation----------------------

Completed: Generated 65536 random numbers

------------------------------------------------------------------------

rm -vf scan scan_omp scan_mpi
removed 'scan'
removed 'scan_omp'
removed 'scan_mpi'
g++ -g -Wall -fopenmp scan.cpp -o scan
g++ -g -Wall -fopenmp scan_omp.cpp -o scan_omp
mpic++ -g -Wall -fopenmp scan_mpi.cpp -o scan_mpi

-------------------------Running scan program--------------------------

Time taken: 1.87438 ms
VALID PREFIX SUM

------------------------Running scan_omp program-----------------------

Time taken: 5.3862 ms
VALID PREFIX SUM

------------------------Running scan_mpi program-----------------------

Time taken: 1.806643 seconds
VALID PREFIX SUM

---------------------------------Speedup-------------------------------

Description               Time (ms)                
-----------               ---------                
Serial Time:              1.87438 ms               
Parallel Time:            5.3862 ms                
MPI Time (np=4):          1.80664 ms               

Speed-down (Serial vs Parallel):    INVALID, received speed-down of 2.87
Speed-up (Serial vs MPI):           1.03                               

