rm -vf generator
removed 'generator'
g++ -g -Wall -fopenmp generator.cpp -o generator

-----------------------Starting Number Generation----------------------

Completed: Generated 65536 random numbers

------------------------------------------------------------------------

rm -vf scan scan_omp scan_mpi
removed 'scan'
removed 'scan_omp'
removed 'scan_mpi'
g++ -g -Wall -fopenmp scan.cpp -o scan
g++ -g -Wall -fopenmp scan_omp.cpp -o scan_omp
mpic++ -g -Wall -fopenmp scan_mpi.cpp -o scan_mpi

-------------------------Running scan program--------------------------

Time taken: 1.874 ms
VALID PREFIX SUM

------------------------Running scan_omp program-----------------------

Time taken: 1.98158 ms
VALID PREFIX SUM

------------------------Running scan_mpi program-----------------------

Time taken: 1.758146 seconds
VALID PREFIX SUM

---------------------------------Speedup-------------------------------

Description               Time (ms)                
-----------               ---------                
Serial Time:              1.874 ms                 
Parallel Time:            1.98158 ms               
MPI Time (np=4):          1.75815 ms               

Speed-down (Serial vs Parallel):    INVALID, received speed-down of 1.05
Speed-up (Serial vs MPI):           1.06                               

