rm -vf generator
removed 'generator'
g++ -g -Wall -fopenmp generator.cpp -o generator

-----------------------Starting Number Generation----------------------

Completed: Generated 262144 random numbers

------------------------------------------------------------------------

rm -vf scan scan_omp scan_mpi
removed 'scan'
removed 'scan_omp'
removed 'scan_mpi'
g++ -g -Wall -fopenmp scan.cpp -o scan
g++ -g -Wall -fopenmp scan_omp.cpp -o scan_omp
mpic++ -g -Wall -fopenmp scan_mpi.cpp -o scan_mpi

-------------------------Running scan program--------------------------

Time taken: 7.46267 ms
VALID PREFIX SUM

------------------------Running scan_omp program-----------------------

Time taken: 3.20628 ms
VALID PREFIX SUM

------------------------Running scan_mpi program-----------------------

Time taken: 3.662494 seconds
VALID PREFIX SUM

---------------------------------Speedup-------------------------------

Description               Time (ms)                
-----------               ---------                
Serial Time:              7.46267 ms               
Parallel Time:            3.20628 ms               
MPI Time (np=2):          3.66249 ms               

Speed-up (Serial vs Parallel):      2.32                               
Speed-up (Serial vs MPI):           2.03                               

