rm -vf generator
removed 'generator'
g++ -g -Wall -fopenmp generator.cpp -o generator

-----------------------Starting Number Generation----------------------

Completed: Generated 65536 random numbers

------------------------------------------------------------------------

rm -vf scan scan_omp scan_mpi
removed 'scan'
removed 'scan_omp'
removed 'scan_mpi'
g++ -g -Wall -fopenmp scan.cpp -o scan
g++ -g -Wall -fopenmp scan_omp.cpp -o scan_omp
mpic++ -g -Wall -fopenmp scan_mpi.cpp -o scan_mpi

-------------------------Running scan program--------------------------

Time taken: 1.88619 ms
VALID PREFIX SUM

------------------------Running scan_omp program-----------------------

Time taken: 1.97581 ms
VALID PREFIX SUM

------------------------Running scan_mpi program-----------------------

Time taken: 2.232818 seconds
VALID PREFIX SUM

---------------------------------Speedup-------------------------------

Description               Time (ms)                
-----------               ---------                
Serial Time:              1.88619 ms               
Parallel Time:            1.97581 ms               
MPI Time (np=2):          2.23282 ms               

Speed-down (Serial vs Parallel):    INVALID, received speed-down of 1.04
Speed-down (Serial vs MPI):         INVALID, received speed-down of 1.18

