rm -vf generator
removed 'generator'
g++ -g -Wall -fopenmp generator.cpp -o generator

-----------------------Starting Number Generation----------------------

Completed: Generated 1048576 random numbers

------------------------------------------------------------------------

rm -vf scan scan_omp scan_mpi
removed 'scan'
removed 'scan_omp'
removed 'scan_mpi'
g++ -g -Wall -fopenmp scan.cpp -o scan
g++ -g -Wall -fopenmp scan_omp.cpp -o scan_omp
mpic++ -g -Wall -fopenmp scan_mpi.cpp -o scan_mpi

-------------------------Running scan program--------------------------

Time taken: 8.07811 ms
VALID PREFIX SUM

------------------------Running scan_omp program-----------------------

Time taken: 7.44255 ms
VALID PREFIX SUM

------------------------Running scan_mpi program-----------------------

Time taken: 11.507037 seconds
VALID PREFIX SUM

---------------------------------Speedup-------------------------------

Description               Time (ms)                
-----------               ---------                
Serial Time:              14.03511 ms               
Parallel Time:            7.44255 ms               
MPI Time (np=2):          11.507 ms                

Speed-up (Serial vs Parallel):      1.89                             
Speed-down (Serial vs MPI):         1.22

